[2025-03-15T01:54:04.735Z] Tìm kiếm sinh viên: {"query":"1","facultyFilter":""}
[2025-03-15T01:54:07.042Z] Tìm kiếm sinh viên: {"query":"haha","facultyFilter":""}
[2025-03-15T01:54:10.453Z] Tìm kiếm sinh viên: {"query":"22127151","facultyFilter":""}
[2025-03-15T01:54:13.132Z] Tìm kiếm sinh viên: {"query":"2212","facultyFilter":""}
[2025-03-15T01:54:16.760Z] Tìm kiếm sinh viên: {"query":"","facultyFilter":"Khoa Tiếng Anh thương mại"}
[2025-03-15T02:17:56.123Z] Tìm kiếm sinh viên: {"query":"","facultyFilter":"Khoa Tiếng Anh thương mại"}
[2025-03-15T02:17:56.793Z] Tìm kiếm sinh viên: {"query":"","facultyFilter":"Khoa Tiếng Anh thương mại"}
[2025-03-15T02:33:26.530Z] Xóa sinh viên: {"id":"22127160","name":"Missing Email"}
[2025-03-15T02:33:28.359Z] Xóa sinh viên: {"id":"2293AHJN","name":"Invalid ID"}
[2025-03-15T02:33:30.725Z] Xóa sinh viên: {"id":"25127555","name":"Boxing Demo"}
[2025-03-15T02:33:32.051Z] Xóa sinh viên: {"id":"22127555","name":"Missing Email"}
[2025-03-15T02:33:36.980Z] Xóa sinh viên: {"id":"22127152","name":"Lâm Tiến Huy"}
[2025-03-15T02:33:38.234Z] Xóa sinh viên: {"id":"22127157","name":"Haha Haha"}
[2025-03-15T02:33:38.869Z] Xóa sinh viên: {"id":"22127333","name":"Haha Haha"}
[2025-03-15T02:33:39.411Z] Xóa sinh viên: {"id":"22127944","name":"Haha Haha"}
[2025-03-15T02:33:39.923Z] Xóa sinh viên: {"id":"22127151","name":"Lâm Tiến Huy"}
[2025-03-15T02:33:52.180Z] IMPORT_CSV: {"importedCount":2}
[2025-03-15T02:34:00.315Z] Xóa sinh viên: {"id":"22127157","name":"Haha Haha"}
[2025-03-15T02:34:02.861Z] Xóa sinh viên: {"id":"22127151","name":"Lâm Tiến Huy"}
[2025-03-15T02:34:03.431Z] Xóa sinh viên: {"id":"25749432","name":"Ds Hsu Ss"}
[2025-03-15T02:34:04.023Z] Xóa sinh viên: {"id":"22127147","name":"Lâm Tiến Huy"}
[2025-03-15T02:34:04.927Z] Xóa sinh viên: {"id":"22127159","name":"Hà Thị Thu"}
[2025-03-15T02:34:05.751Z] Xóa sinh viên: {"id":"22567654","name":"Haha Haha"}
[2025-03-15T02:34:06.727Z] Xóa sinh viên: {"id":"22127180","name":"Juy La"}
[2025-03-15T02:34:12.778Z] IMPORT_CSV: {"importedCount":3}
[2025-03-15T02:46:21.904Z] Cập nhật danh sách lựa chọn: {"faculties":["Khoa Công nghệ thông tin","Khoa Luật","Khoa Tiếng Anh thương mại","Khoa Tiếng Nhật","Khoa Tiếng Pháp"],"programs":["Cử nhân","Kỹ sư","Thạc sĩ","Tiến sĩ"],"statuses":["Đang học","Đã tốt nghiệp","Đã thôi học","Tạm dừng học"],"emailformat":["clc.fitus.edu","vn"]}
[2025-03-15T02:46:27.186Z] IMPORT_CSV: {"importedCount":3}
[2025-03-15T02:46:46.480Z] Cập nhật danh sách lựa chọn: {"faculties":["Khoa Công nghệ thông tin","Khoa Luật","Khoa Tiếng Anh thương mại","Khoa Tiếng Nhật","Khoa Tiếng Pháp"],"programs":["Cử nhân","Kỹ sư","Thạc sĩ","Tiến sĩ"],"statuses":["Đang học","Đã tốt nghiệp","Đã thôi học","Tạm dừng học"],"emailformat":["clc","fitus.edu.vn"]}
[2025-03-15T02:46:49.684Z] Xóa sinh viên: {"id":"22127944","name":"Haha Haha"}
[2025-03-15T02:46:50.780Z] Xóa sinh viên: {"id":"22127333","name":"Haha Haha"}
[2025-03-15T02:46:51.546Z] Xóa sinh viên: {"id":"22127159","name":"Hà Thị Thu"}
[2025-03-15T02:46:58.082Z] IMPORT_CSV: {"importedCount":0}
[2025-03-15T02:47:07.981Z] Cập nhật danh sách lựa chọn: {"faculties":["Khoa Công nghệ thông tin","Khoa Luật","Khoa Tiếng Anh thương mại","Khoa Tiếng Nhật","Khoa Tiếng Pháp"],"programs":["Cử nhân","Kỹ sư","Thạc sĩ","Tiến sĩ"],"statuses":["Đang học","Đã tốt nghiệp","Đã thôi học","Tạm dừng học"],"emailformat":["gmail","com"]}
[2025-03-15T02:57:19.467Z] Xóa sinh viên: {"id":"22127100","name":"Lâm Tiến Huy"}
[2025-03-15T02:57:19.887Z] Xóa sinh viên: {"id":"22127151","name":"Lâm Tiến Huy"}
[2025-03-15T02:57:20.294Z] Xóa sinh viên: {"id":"22127157","name":"Haha Haha"}
[2025-03-15T02:57:20.847Z] Xóa sinh viên: {"id":"22127147","name":"Lâm Tiến Huy"}
[2025-03-15T02:57:21.476Z] Xóa sinh viên: {"id":"22127154","name":"Lâm Tiến Huy"}
[2025-03-15T02:57:28.998Z] IMPORT_JSON: {"importedCount":5}
[2025-03-18T15:08:01.949Z] Cập nhật danh sách lựa chọn: {"faculties":["Khoa Công nghệ thông tin","Khoa Luật","Khoa Tiếng Anh thương mại","Khoa Tiếng Nhật","Khoa Tiếng Pháp"],"programs":["Cử nhân","Kỹ sư","Thạc sĩ","Tiến sĩ"],"statuses":["Đang học","Đã tốt nghiệp","Đã thôi học","Tạm dừng học"],"emailformat":["gmail","com"]}
[2025-03-18T15:32:24.674Z] Cập nhật sinh viên: {"id":"22127147","oldData":{"id":"22127147","name":"Lâm Tiến Huy","dob":"2000-02-08","gender":"Nữ","faculty":"Khoa Công nghệ thông tin","course":"2022","program":"Cử nhân","address":"Fdfdsd","email":"hello@gmail.com","phone":"0739572452","status":"Đang học"},"newData":{"id":"22127147","name":"Lâm Tiến Huy","dob":"2000-02-08","gender":"Nữ","faculty":"Khoa Công nghệ thông tin","course":"2022","program":"Cử nhân","address":"Fdfdsd","email":"sas@gmail.com","phone":"0739572452","status":"Đang học"}}
[2025-03-18T15:32:34.426Z] Cập nhật sinh viên: {"id":"22127147","oldData":{"id":"22127147","name":"Lâm Tiến Huy","dob":"2000-02-08","gender":"Nữ","faculty":"Khoa Công nghệ thông tin","course":"2022","program":"Cử nhân","address":"Fdfdsd","email":"sas@gmail.com","phone":"0739572452","status":"Đang học"},"newData":{"id":"22127147","name":"Lâm Tiến Huy","dob":"2000-02-08","gender":"Nữ","faculty":"Khoa Công nghệ thông tin","course":"2022","program":"Cử nhân","address":"Fdfdsd","email":"sas@gmail.com","phone":"0977344333","status":"Đã thôi học"}}
[2025-03-18T15:32:39.122Z] Xóa sinh viên: {"id":"22127151","name":"Lâm Tiến Huy"}
[2025-03-18T15:32:41.441Z] Tìm kiếm sinh viên: {"query":"2212","facultyFilter":""}
[2025-03-18T15:32:43.917Z] Tìm kiếm sinh viên: {"query":"2212","facultyFilter":""}
[2025-03-18T15:32:47.793Z] Tìm kiếm sinh viên: {"query":"22127151","facultyFilter":""}
[2025-03-18T15:32:50.852Z] Tìm kiếm sinh viên: {"query":"4","facultyFilter":""}
[2025-03-18T15:32:53.237Z] Tìm kiếm sinh viên: {"query":"","facultyFilter":"Khoa Tiếng Anh thương mại"}
[2025-03-18T15:32:55.342Z] Tìm kiếm sinh viên: {"query":"","facultyFilter":"Khoa Công nghệ thông tin"}
[2025-03-18T15:32:57.352Z] Tìm kiếm sinh viên: {"query":"","facultyFilter":"Khoa Luật"}
[2025-03-18T15:32:59.490Z] Tìm kiếm sinh viên: {"query":"","facultyFilter":"Khoa Luật"}
[2025-03-18T15:32:59.950Z] Tìm kiếm sinh viên: {"query":"","facultyFilter":"Khoa Luật"}
[2025-03-18T15:33:00.095Z] Tìm kiếm sinh viên: {"query":"","facultyFilter":"Khoa Luật"}
[2025-03-18T15:33:00.222Z] Tìm kiếm sinh viên: {"query":"","facultyFilter":"Khoa Luật"}
[2025-03-18T15:33:00.368Z] Tìm kiếm sinh viên: {"query":"","facultyFilter":"Khoa Luật"}
[2025-03-18T15:33:00.514Z] Tìm kiếm sinh viên: {"query":"","facultyFilter":"Khoa Luật"}
[2025-03-18T15:33:00.757Z] Tìm kiếm sinh viên: {"query":"","facultyFilter":"Khoa Luật"}
[2025-03-18T15:46:41.310Z] Cập nhật sinh viên: {"id":"22127147","oldData":{"id":"22127147","name":"Lâm Tiến Huy","dob":"2000-02-08","gender":"Nữ","faculty":"Khoa Công nghệ thông tin","course":"2022","program":"Cử nhân","address":"Fdfdsd","email":"sas@gmail.com","phone":"0977344333","status":"Đã thôi học"},"newData":{"id":"22127147","name":"Lâm Tiến Huy","dob":"2000-02-08","gender":"Nữ","faculty":"Khoa Công nghệ thông tin","course":"2022","program":"Cử nhân","address":"Fdfdsd","email":"sas@gmail.com","phone":"0977344333","status":"Đã tốt nghiệp"}}
[2025-03-18T15:48:09.371Z] Cập nhật sinh viên: {"id":"22127147","oldData":{"id":"22127147","name":"Lâm Tiến Huy","dob":"2000-02-08","gender":"Nữ","faculty":"Khoa Công nghệ thông tin","course":"2022","program":"Cử nhân","address":"Fdfdsd","email":"sas@gmail.com","phone":"0977344333","status":"Đã tốt nghiệp"},"newData":{"id":"22127147","name":"Lâm Tiến Huy","dob":"2000-02-08","gender":"Nữ","faculty":"Khoa Công nghệ thông tin","course":"2022","program":"Cử nhân","address":"fdgdfgdg","email":"dddd@gmail.com","phone":"0708435333","status":"Đã tốt nghiệp"}}
[2025-03-18T15:48:19.533Z] Cập nhật sinh viên: {"id":"22127157","oldData":{"id":"22127157","name":"Haha Haha","dob":"2002-01-31","gender":"Nam","faculty":"Khoa Luật","course":"2022","program":"Cử nhân","address":"Fdfdsd","email":"hello@gmail.com","phone":"0873445433","status":"Đang học"},"newData":{"id":"22127157","name":"Haha Haha","dob":"2002-01-31","gender":"Nam","faculty":"Khoa Luật","course":"2022","program":"Cử nhân","address":"Fdfdsd","email":"lthuy22@gmail.com","phone":"0873445433","status":"Đang học"}}
[2025-03-18T15:48:35.383Z] Cập nhật sinh viên: {"id":"22127154","oldData":{"id":"22127154","name":"Lâm Tiến Huy","dob":"2002-02-14","gender":"Nam","faculty":"Khoa Công nghệ thông tin","course":"2022","program":"Cử nhân","address":"Fdfdsd","email":"hello@gmail.com","phone":"0703957245","status":"Đang học"},"newData":{"id":"22127154","name":"Lâm Tiến Huy","dob":"2002-02-14","gender":"Nam","faculty":"Khoa Công nghệ thông tin","course":"2022","program":"Cử nhân","address":"Fdfdsd","email":"hello@gmail.com","phone":"0743145333","status":"Đang học"}}
[2025-03-18T15:48:38.845Z] Tìm kiếm sinh viên: {"query":"haha","facultyFilter":""}
[2025-03-18T15:48:40.999Z] Tìm kiếm sinh viên: {"query":"","facultyFilter":"Khoa Tiếng Anh thương mại"}
[2025-03-18T15:48:43.181Z] Tìm kiếm sinh viên: {"query":"","facultyFilter":"Khoa Luật"}
[2025-03-18T15:48:45.546Z] Tìm kiếm sinh viên: {"query":"1","facultyFilter":"Khoa Luật"}
[2025-03-18T15:48:46.800Z] Tìm kiếm sinh viên: {"query":"","facultyFilter":"Khoa Luật"}
[2025-03-18T15:50:56.957Z] Thêm sinh viên: {"id":"20122334","name":"Boxing Demo","dob":"1999-03-22","gender":"Nữ","faculty":"Khoa Tiếng Pháp","course":"2020","program":"Thạc sĩ","address":"fdgdfgdgrfsfdsfds","email":"gheohn@gmail.com","phone":"0743343333","status":"Tạm dừng học"}
[2025-03-18T15:51:05.520Z] Cập nhật danh sách lựa chọn: {"faculties":["Khoa Công nghệ thông tin","Khoa Luật","Khoa Tiếng Anh thương mại","Khoa Tiếng Nhật","Khoa Tiếng Pháp","sfds"],"programs":["Cử nhân","Kỹ sư","Thạc sĩ","Tiến sĩ"],"statuses":["Đang học","Đã tốt nghiệp","Đã thôi học","Tạm dừng học"],"emailformat":["gmail","com"]}
[2025-03-18T15:51:35.282Z] Cập nhật danh sách lựa chọn: {"faculties":["Khoa Công nghệ thông tin","Khoa Luật","Khoa Tiếng Anh thương mại","Khoa Tiếng Nhật","Khoa Tiếng Pháp"],"programs":["Cử nhân","Kỹ sư","Thạc sĩ","Tiến sĩ"],"statuses":["Đang học","Đã tốt nghiệp","Đã thôi học","Tạm dừng học"],"emailformat":["gmail","com"]}
[2025-03-18T15:51:38.532Z] Cập nhật danh sách lựa chọn: {"faculties":["Khoa Công nghệ thông tin","Khoa Luật","Khoa Tiếng Anh thương mại","Khoa Tiếng Nhật","Khoa Tiếng Pháp"],"programs":["Cử nhân","Kỹ sư","Thạc sĩ","Tiến sĩ"],"statuses":["Đang học","Đã tốt nghiệp","Đã thôi học","Tạm dừng học"],"emailformat":["gmail","com"]}
[2025-03-18T15:51:45.487Z] Cập nhật danh sách lựa chọn: {"faculties":["Khoa Công nghệ thông tin","Khoa Luật","Khoa Tiếng Anh thương mại","Khoa Tiếng Nhật","Khoa Tiếng Pháp"],"programs":["Cử nhân","Kỹ sư","Thạc sĩ","Tiến sĩ"],"statuses":["Đang học","Đã tốt nghiệp","Đã thôi học","Tạm dừng học"],"emailformat":["gmailj","com"]}
[2025-03-18T15:51:49.174Z] Cập nhật sinh viên: {"id":"20122334","oldData":{"id":"20122334","name":"Boxing Demo","dob":"1999-03-22","gender":"Nữ","faculty":"Khoa Tiếng Pháp","course":"2020","program":"Thạc sĩ","address":"fdgdfgdgrfsfdsfds","email":"gheohn@gmail.com","phone":"0743343333","status":"Tạm dừng học"},"newData":{"id":"20122334","name":"Boxing Demo","dob":"1999-03-22","gender":"Nữ","faculty":"Khoa Tiếng Pháp","course":"2020","program":"Thạc sĩ","address":"fdgdfgdgrfsfdsfds","email":"gheohn@gmail.com","phone":"0743343333","status":"Tạm dừng học"}}
[2025-03-18T15:51:59.961Z] Cập nhật sinh viên: {"id":"20122334","oldData":{"id":"20122334","name":"Boxing Demo","dob":"1999-03-22","gender":"Nữ","faculty":"Khoa Tiếng Pháp","course":"2020","program":"Thạc sĩ","address":"fdgdfgdgrfsfdsfds","email":"gheohn@gmail.com","phone":"0743343333","status":"Tạm dừng học"},"newData":{"id":"20122334","name":"Boxing Demo","dob":"1999-03-22","gender":"Nữ","faculty":"Khoa Tiếng Pháp","course":"2020","program":"Thạc sĩ","address":"fdgdfgdgrfsfdsfds","email":"huytienlam@gmailj.com","phone":"0743343333","status":"Tạm dừng học"}}
[2025-03-18T15:52:04.785Z] Cập nhật danh sách lựa chọn: {"faculties":["Khoa Công nghệ thông tin","Khoa Luật","Khoa Tiếng Anh thương mại","Khoa Tiếng Nhật","Khoa Tiếng Pháp"],"programs":["Cử nhân","Kỹ sư","Thạc sĩ","Tiến sĩ"],"statuses":["Đang học","Đã tốt nghiệp","Đã thôi học","Tạm dừng học"],"emailformat":["gmail","com"]}
[2025-03-18T15:56:30.820Z] Cập nhật sinh viên: {"id":"22127157","oldData":{"id":"22127157","name":"Haha Haha","dob":"2002-01-31","gender":"Nam","faculty":"Khoa Luật","course":"2022","program":"Cử nhân","address":"Fdfdsd","email":"lthuy22@gmail.com","phone":"0873445433","status":"Đang học"},"newData":{"id":"22127157","name":"Haha Haha","dob":"2002-01-31","gender":"Nam","faculty":"Khoa Luật","course":"2022","program":"Cử nhân","address":"Fdfdsd","email":"lthuy22@gmail.com","phone":"0873445433","status":"Đã tốt nghiệp"}}
[2025-03-18T15:56:35.105Z] Cập nhật sinh viên: {"id":"22127157","oldData":{"id":"22127157","name":"Haha Haha","dob":"2002-01-31","gender":"Nam","faculty":"Khoa Luật","course":"2022","program":"Cử nhân","address":"Fdfdsd","email":"lthuy22@gmail.com","phone":"0873445433","status":"Đã tốt nghiệp"},"newData":{"id":"22127157","name":"Haha Haha","dob":"2002-01-31","gender":"Nam","faculty":"Khoa Luật","course":"2022","program":"Cử nhân","address":"ncghgnnvggn","email":"lthuy22@gmail.com","phone":"0873445433","status":"Đã tốt nghiệp"}}
[2025-03-18T15:56:35.113Z] Cập nhật sinh viên: {"id":"22127157","oldData":{"id":"22127157","name":"Haha Haha","dob":"2002-01-31","gender":"Nam","faculty":"Khoa Luật","course":"2022","program":"Cử nhân","address":"ncghgnnvggn","email":"lthuy22@gmail.com","phone":"0873445433","status":"Đã tốt nghiệp"},"newData":{"id":"22127157","name":"Haha Haha","dob":"2002-01-31","gender":"Nam","faculty":"Khoa Luật","course":"2022","program":"Cử nhân","address":"ncghgnnvggn","email":"lthuy22@gmail.com","phone":"0873445433","status":"Đã tốt nghiệp"}}
[2025-03-18T15:56:41.528Z] Cập nhật sinh viên: {"id":"22127157","oldData":{"id":"22127157","name":"Haha Haha","dob":"2002-01-31","gender":"Nam","faculty":"Khoa Luật","course":"2022","program":"Cử nhân","address":"ncghgnnvggn","email":"lthuy22@gmail.com","phone":"0873445433","status":"Đã tốt nghiệp"},"newData":{"id":"22127157","name":"Haha Haha","dob":"2002-01-31","gender":"Nam","faculty":"Khoa Luật","course":"2022","program":"Cử nhân","address":"ncghgnnvggn","email":"lthuy22@gmail.com","phone":"0703102330","status":"Đã tốt nghiệp"}}
[2025-03-18T15:56:47.129Z] Cập nhật sinh viên: {"id":"22127157","oldData":{"id":"22127157","name":"Haha Haha","dob":"2002-01-31","gender":"Nam","faculty":"Khoa Luật","course":"2022","program":"Cử nhân","address":"ncghgnnvggn","email":"lthuy22@gmail.com","phone":"0703102330","status":"Đã tốt nghiệp"},"newData":{"id":"22127157","name":"Haha Haha","dob":"2002-01-31","gender":"Nam","faculty":"Khoa Luật","course":"2022","program":"Cử nhân","address":"ncghgnnvggn","email":"sas@gmail.com","phone":"0703102330","status":"Đã tốt nghiệp"}}
[2025-03-18T15:57:23.112Z] Thêm sinh viên: {"id":"22127555","name":"Haha Haha","dob":"1999-02-28","gender":"Nữ","faculty":"Khoa Công nghệ thông tin","course":"2022","program":"Thạc sĩ","address":"gffdgfgff","email":"22127151@gmail.com","phone":"0975445555","status":"Đang học"}
[2025-03-18T15:57:58.882Z] EXPORT_JSON: {"exportedCount":7}
[2025-03-18T15:57:59.381Z] EXPORT_CSV: {"exportedCount":7}
[2025-03-18T16:13:13.435Z] IMPORT_CSV: {"importedCount":1}
[2025-03-18T16:13:54.503Z] Xóa sinh viên: {"id":"22127153","name":"Lâm Tiến Huy"}
[2025-03-18T16:13:55.207Z] Xóa sinh viên: {"id":"22127154","name":"Lâm Tiến Huy"}
[2025-03-18T16:13:55.868Z] Xóa sinh viên: {"id":"22127157","name":"Haha Haha"}
[2025-03-18T16:13:56.412Z] Xóa sinh viên: {"id":"22127100","name":"Lâm Tiến Huy"}
[2025-03-18T16:13:57.079Z] Xóa sinh viên: {"id":"22127147","name":"Lâm Tiến Huy"}
[2025-03-18T16:13:57.752Z] Xóa sinh viên: {"id":"20122334","name":"Boxing Demo"}
[2025-03-18T16:13:58.442Z] Xóa sinh viên: {"id":"22127555","name":"Haha Haha"}
[2025-03-18T16:13:59.258Z] Xóa sinh viên: {"id":"22127151","name":"Lâm Tiến Huy"}
[2025-03-18T16:14:04.227Z] IMPORT_JSON: {"importedCount":6}
[2025-03-18T16:14:06.159Z] Xóa sinh viên: {"id":"22127151","name":"Lâm Tiến Huy"}
[2025-03-18T16:14:06.803Z] Xóa sinh viên: {"id":"22127153","name":"Lâm Tiến"}
[2025-03-18T16:14:07.269Z] Xóa sinh viên: {"id":"22127157","name":"Haha Haha"}
[2025-03-18T16:14:07.747Z] Xóa sinh viên: {"id":"22127154","name":"Lâm Tiến Huy"}
[2025-03-18T16:14:08.402Z] Xóa sinh viên: {"id":"22127100","name":"Lâm Tiến Huy"}
[2025-03-18T16:14:08.886Z] Xóa sinh viên: {"id":"22127147","name":"Lâm Tiến Huy"}
[2025-03-18T16:14:23.626Z] IMPORT_CSV: {"importedCount":6}
[2025-03-18T16:20:39.106Z] Cập nhật danh sách lựa chọn: {"faculties":["Khoa Công nghệ thông tin","Khoa Luật","Khoa Tiếng Anh thương mại","Khoa Tiếng Nhật","Khoa Tiếng Pháp"],"programs":["Cử nhân","Kỹ sư","Thạc sĩ","Tiến sĩ"],"statuses":["Đang học","Đã tốt nghiệp","Đã thôi học","Tạm dừng học"],"emailformat":["gmailo","com"]}
[2025-03-18T16:20:46.059Z] Cập nhật danh sách lựa chọn: {"faculties":["Khoa Công nghệ thông tin","Khoa Luật","Khoa Tiếng Anh thương mại","Khoa Tiếng Nhật","Khoa Tiếng Pháp","sfds"],"programs":["Cử nhân","Kỹ sư","Thạc sĩ","Tiến sĩ"],"statuses":["Đang học","Đã tốt nghiệp","Đã thôi học","Tạm dừng học"],"emailformat":["gmailo","com"]}
[2025-03-18T16:20:49.213Z] Cập nhật danh sách lựa chọn: {"faculties":["Khoa Công nghệ thông tin","Khoa Luật","Khoa Tiếng Anh thương mại","Khoa Tiếng Nhật","Khoa Tiếng Pháp"],"programs":["Cử nhân","Kỹ sư","Thạc sĩ","Tiến sĩ"],"statuses":["Đang học","Đã tốt nghiệp","Đã thôi học","Tạm dừng học"],"emailformat":["gmailo","com"]}
[2025-03-18T16:21:00.250Z] Cập nhật danh sách lựa chọn: {"faculties":["Khoa Công nghệ thông tin","Khoa Luật","Khoa Tiếng Anh thương mại","Khoa Tiếng Nhật","Khoa Tiếng Pháp"],"programs":["Cử nhân","Kỹ sư","Thạc sĩ","Tiến sĩ"],"statuses":["Đang học","Đã tốt nghiệp","Đã thôi học","Tạm dừng học"],"emailformat":["clc.fitus.edu","vn"]}
[2025-03-18T16:21:07.301Z] IMPORT_JSON: {"importedCount":3}
[2025-03-18T16:29:24.042Z] Cập nhật danh sách lựa chọn: {"faculties":["Khoa Công nghệ thông tin","Khoa Luật","Khoa Tiếng Anh thương mại","Khoa Tiếng Nhật","Khoa Tiếng Pháp"],"programs":["Cử nhân","Kỹ sư","Thạc sĩ","Tiến sĩ"],"statuses":["Đang học","Đã tốt nghiệp","Đã thôi học","Tạm dừng học"],"emailformat":["clc.fitus.edu","vn"]}
[2025-03-18T16:46:54.735Z] Cập nhật sinh viên: {"id":"22127944","oldData":{"id":"22127944","name":"Haha Haha","dob":"2003-02-01","gender":"Nam","faculty":"Khoa Công nghệ thông tin","course":"2022","program":"Cử nhân","address":"Fdfdsd","email":"lthuy22@clc.fitus.edu.vn","phone":"0739572452","status":"Đang học"},"newData":{"id":"22127944","name":"Haha Haha","dob":"2003-02-01","gender":"Nam","faculty":"Khoa Công nghệ thông tin","course":"2022","program":"Cử nhân","address":"Fdfdsd","email":"sas@clc.fitus.edu.vn","phone":"0763233444","status":"Đang học"}}
[2025-03-18T16:47:52.377Z] Thêm sinh viên: {"id":"23453354","name":"Hello Hello","dob":"2001-03-23","gender":"Nam","faculty":"Khoa Công nghệ thông tin","course":"2023","program":"Cử nhân","address":"ssdjifsud","email":"sas@clc.fitus.edu.vn","phone":"0722413433","status":"Đang học"}
[2025-03-19T15:56:19.363Z] IMPORT_CSV: {"importedCount":0}
[2025-03-19T15:56:31.266Z] Xóa sinh viên: {"id":"22127153","name":"Lâm Tiến"}
[2025-03-19T15:56:32.192Z] Xóa sinh viên: {"id":"22127154","name":"Lâm Tiến Huy"}
[2025-03-19T15:56:37.294Z] IMPORT_JSON: {"importedCount":0}
[2025-03-19T15:56:51.495Z] Xóa sinh viên: {"id":"22127333","name":"Haha Haha"}
[2025-03-19T15:56:57.538Z] IMPORT_JSON: {"importedCount":1}
[2025-03-19T15:57:33.743Z] Tìm kiếm sinh viên: {"query":"22127151","facultyFilter":""}
[2025-03-19T15:58:29.631Z] Tìm kiếm sinh viên: {"query":"1","facultyFilter":""}
[2025-03-19T16:11:29.152Z] Cập nhật danh sách lựa chọn: {"faculties":["Khoa Công nghệ thông tin","Khoa Luật","Khoa Tiếng Anh thương mại","Khoa Tiếng Nhật","Khoa Tiếng Pháp"],"programs":["Cử nhân","Kỹ sư","Thạc sĩ","Tiến sĩ","gg"],"statuses":["Đang học","Đã tốt nghiệp","Đã thôi học","Tạm dừng học"],"emailformat":["clc.fitus.edu","vn"]}
[2025-03-19T16:12:31.032Z] Cập nhật danh sách lựa chọn: {"faculties":["Khoa Công nghệ thông tin","Khoa Luật","Khoa Tiếng Anh thương mại","Khoa Tiếng Nhật","Khoa Tiếng Pháp"],"programs":["Cử nhân","Kỹ sư","Thạc sĩ","Tiến sĩ","gg","ff"],"statuses":["Đang học","Đã tốt nghiệp","Đã thôi học","Tạm dừng học"],"emailformat":["clc.fitus.edu","vn"]}
[2025-03-19T16:15:35.851Z] Cập nhật danh sách lựa chọn: {"faculties":["Khoa Công nghệ thông tin","Khoa Luật","Khoa Tiếng Anh thương mại","Khoa Tiếng Nhật","Khoa Tiếng Pháp"],"programs":["Cử nhân","Kỹ sư","Thạc sĩ","Tiến sĩ","gg"],"statuses":["Đang học","Đã tốt nghiệp","Đã thôi học","Tạm dừng học"],"emailformat":["clc.fitus.edu","vn"]}
[2025-03-19T16:15:39.343Z] Cập nhật danh sách lựa chọn: {"faculties":["Khoa Công nghệ thông tin","Khoa Luật","Khoa Tiếng Anh thương mại","Khoa Tiếng Nhật","Khoa Tiếng Pháp"],"programs":["Cử nhân","Kỹ sư","Thạc sĩ","Tiến sĩ"],"statuses":["Đang học","Đã tốt nghiệp","Đã thôi học","Tạm dừng học"],"emailformat":["clc.fitus.edu","vn"]}
[2025-03-19T16:15:51.064Z] Cập nhật danh sách lựa chọn: {"faculties":["Khoa Công nghệ thông tin","Khoa Luật","Khoa Tiếng Anh thương mại","Khoa Tiếng Nhật","Khoa Tiếng Pháp"],"programs":["Cử nhân","Kỹ sư","Thạc sĩ","Tiến sĩ"],"statuses":["Đang học","Đã tốt nghiệp","Đã thôi học","Tạm dừng học"],"emailformat":["gmail","com"]}
[2025-03-19T16:51:13.682Z] Tìm kiếm sinh viên: {"query":"22127151","facultyFilter":""}
[2025-06-04T09:55:49.357Z] IMPORT_CSV: {"importedCount":0}
[2025-06-04T09:56:42.554Z] EXPORT_CSV: {"exportedCount":8}
[2025-06-04T10:29:44.758Z] Cập nhật danh sách lựa chọn: {"faculties":["Khoa Công nghệ thông tin","Khoa Luật","Khoa Tiếng Anh thương mại","Khoa Tiếng Nhật","Khoa Tiếng Pháp"],"programs":["Cử nhân","Kỹ sư","Thạc sĩ","Tiến sĩ"],"statuses":["Đang học","Đã tốt nghiệp","Đã thôi học","Tạm dừng học"],"emailformat":["gmailj","com"]}
[2025-06-04T10:29:52.640Z] Cập nhật danh sách lựa chọn: {"faculties":["Khoa Công nghệ thông tin","Khoa Luật","Khoa Tiếng Anh thương mại","Khoa Tiếng Nhật","Khoa Tiếng Pháp"],"programs":["Cử nhân","Kỹ sư","Thạc sĩ","Tiến sĩ"],"statuses":["Đang học","Đã tốt nghiệp","Đã thôi học","Tạm dừng học"],"emailformat":["gmail","com"]}
[2025-06-04T10:34:30.541Z] IMPORT_CSV: {"importedCount":2}
[2025-06-04T10:34:33.996Z] Xóa sinh viên: {"id":"22127154","name":"Lâm Tiến Huy"}
[2025-06-04T10:34:34.947Z] Xóa sinh viên: {"id":"22127153","name":"Lâm Tiến"}
[2025-06-04T10:34:35.753Z] Xóa sinh viên: {"id":"22127333","name":"Haha Haha"}
[2025-06-04T10:34:39.354Z] IMPORT_CSV: {"importedCount":2}
[2025-06-04T10:34:42.714Z] Xóa sinh viên: {"id":"22127153","name":"Lâm Tiến"}
[2025-06-04T10:34:43.325Z] Xóa sinh viên: {"id":"22127154","name":"Lâm Tiến Huy"}
[2025-06-04T10:34:47.946Z] IMPORT_JSON: {"importedCount":2}
[2025-06-04T10:37:42.804Z] Tìm kiếm sinh viên: {"query":"","facultyFilter":"Khoa Công nghệ thông tin"}
[2025-06-04T10:37:44.954Z] Tìm kiếm sinh viên: {"query":"haha","facultyFilter":"Khoa Công nghệ thông tin"}
[2025-06-04T10:37:47.518Z] Tìm kiếm sinh viên: {"query":"haha","facultyFilter":"Khoa Công nghệ thông tin"}
[2025-06-04T10:40:18.235Z] Tìm kiếm sinh viên: {"query":"22127151","facultyFilter":""}
[2025-06-04T10:43:30.377Z] Tìm kiếm sinh viên: {"query":"haha","facultyFilter":""}
[2025-06-04T10:45:28.476Z] Tìm kiếm sinh viên: {"query":"22127151","facultyFilter":""}
[2025-06-04T10:45:32.355Z] Tìm kiếm sinh viên: {"query":"22127151","facultyFilter":"Khoa Tiếng Anh thương mại"}
[2025-06-04T10:45:34.236Z] Tìm kiếm sinh viên: {"query":"","facultyFilter":"Khoa Tiếng Nhật"}
[2025-06-04T10:45:35.681Z] Tìm kiếm sinh viên: {"query":"","facultyFilter":"Khoa Luật"}
[2025-06-04T10:45:38.305Z] Tìm kiếm sinh viên: {"query":"","facultyFilter":"Khoa Công nghệ thông tin"}
[2025-06-04T10:45:41.399Z] Tìm kiếm sinh viên: {"query":"h","facultyFilter":"Khoa Công nghệ thông tin"}
[2025-06-04T10:45:45.105Z] Tìm kiếm sinh viên: {"query":"22127151","facultyFilter":""}
[2025-06-04T10:45:49.101Z] Tìm kiếm sinh viên: {"query":"haha","facultyFilter":""}
[2025-06-04T10:45:54.764Z] Tìm kiếm sinh viên: {"query":"haha","facultyFilter":""}
[2025-06-04T10:45:56.995Z] Tìm kiếm sinh viên: {"query":"haha","facultyFilter":""}
[2025-06-04T10:46:04.486Z] Tìm kiếm sinh viên: {"query":"he","facultyFilter":""}
[2025-06-04T10:46:06.638Z] Tìm kiếm sinh viên: {"query":"","facultyFilter":"Khoa Công nghệ thông tin"}
[2025-06-04T10:46:08.838Z] Tìm kiếm sinh viên: {"query":"","facultyFilter":"Khoa Công nghệ thông tin"}
[2025-06-04T10:46:21.157Z] Tìm kiếm sinh viên: {"query":"22127151","facultyFilter":""}
[2025-06-04T10:46:23.967Z] Tìm kiếm sinh viên: {"query":"","facultyFilter":"Khoa Công nghệ thông tin"}
[2025-06-04T10:48:01.060Z] Tìm kiếm sinh viên: {"query":"1","facultyFilter":""}
[2025-06-04T10:48:03.525Z] Tìm kiếm sinh viên: {"query":"1","facultyFilter":""}
[2025-06-04T11:00:42.501Z] Tìm kiếm sinh viên: {"query":"","facultyFilter":"Khoa Công nghệ thông tin"}
[2025-06-04T11:00:44.234Z] Tìm kiếm sinh viên: {"query":"","facultyFilter":"Khoa Luật"}
[2025-06-04T11:00:47.085Z] Tìm kiếm sinh viên: {"query":"","facultyFilter":"Khoa Luật"}
[2025-06-04T11:00:49.663Z] Tìm kiếm sinh viên: {"query":"","facultyFilter":"Khoa Luật"}
[2025-06-04T11:00:52.589Z] Tìm kiếm sinh viên: {"query":"","facultyFilter":"Khoa Luật"}
[2025-06-04T11:01:30.487Z] Tìm kiếm sinh viên: {"query":"","facultyFilter":"Khoa Công nghệ thông tin"}
[2025-06-04T11:01:31.895Z] Tìm kiếm sinh viên: {"query":"","facultyFilter":"Khoa Công nghệ thông tin"}
[2025-06-04T11:01:32.391Z] Tìm kiếm sinh viên: {"query":"","facultyFilter":"Khoa Công nghệ thông tin"}
[2025-06-04T11:01:35.546Z] Tìm kiếm sinh viên: {"query":"","facultyFilter":"Khoa Tiếng Anh thương mại"}
[2025-06-04T11:01:37.561Z] Tìm kiếm sinh viên: {"query":"","facultyFilter":"Khoa Luật"}
[2025-06-04T11:01:39.006Z] Tìm kiếm sinh viên: {"query":"","facultyFilter":"Khoa Tiếng Anh thương mại"}
[2025-06-04T11:01:41.542Z] Tìm kiếm sinh viên: {"query":"","facultyFilter":"Khoa Công nghệ thông tin"}
[2025-06-04T11:01:42.194Z] Tìm kiếm sinh viên: {"query":"","facultyFilter":"Khoa Công nghệ thông tin"}
[2025-06-04T11:03:16.702Z] Tìm kiếm sinh viên: {"query":"","facultyFilter":"Khoa Công nghệ thông tin"}
[2025-06-04T11:03:17.107Z] Tìm kiếm sinh viên: {"query":"","facultyFilter":"Khoa Công nghệ thông tin"}
[2025-06-04T11:03:17.587Z] Tìm kiếm sinh viên: {"query":"","facultyFilter":"Khoa Công nghệ thông tin"}
[2025-06-04T11:03:19.320Z] Tìm kiếm sinh viên: {"query":"","facultyFilter":""}
[2025-06-04T11:03:19.696Z] Tìm kiếm sinh viên: {"query":"","facultyFilter":""}
[2025-06-04T11:03:20.259Z] Tìm kiếm sinh viên: {"query":"","facultyFilter":""}
[2025-06-04T11:07:23.306Z] Tìm kiếm sinh viên: {"query":"22127151","facultyFilter":""}
[2025-06-04T11:07:51.681Z] Tìm kiếm sinh viên: {"query":"22127151","facultyFilter":""}
[2025-06-04T11:09:41.479Z] Tìm kiếm sinh viên: {"query":"22127151","facultyFilter":""}
[2025-06-04T11:09:42.952Z] Tìm kiếm sinh viên: {"query":"","facultyFilter":"Khoa Luật"}
[2025-06-04T11:09:44.693Z] Tìm kiếm sinh viên: {"query":"","facultyFilter":"Khoa Tiếng Anh thương mại"}
[2025-06-04T11:09:46.549Z] Tìm kiếm sinh viên: {"query":"22127000","facultyFilter":"Khoa Tiếng Anh thương mại"}
[2025-06-04T11:09:48.422Z] Tìm kiếm sinh viên: {"query":"22","facultyFilter":"Khoa Tiếng Anh thương mại"}
[2025-06-04T11:09:50.312Z] Tìm kiếm sinh viên: {"query":"21","facultyFilter":"Khoa Tiếng Anh thương mại"}
[2025-06-04T11:09:51.935Z] Tìm kiếm sinh viên: {"query":"23","facultyFilter":"Khoa Tiếng Anh thương mại"}
[2025-06-04T11:09:58.406Z] Tìm kiếm sinh viên: {"query":"","facultyFilter":"Khoa Tiếng Anh thương mại"}
[2025-06-04T11:09:59.111Z] Tìm kiếm sinh viên: {"query":"","facultyFilter":"Khoa Tiếng Anh thương mại"}
[2025-06-04T11:09:59.264Z] Tìm kiếm sinh viên: {"query":"","facultyFilter":"Khoa Tiếng Anh thương mại"}
[2025-06-04T11:09:59.680Z] Tìm kiếm sinh viên: {"query":"","facultyFilter":"Khoa Tiếng Anh thương mại"}
[2025-06-04T11:09:59.814Z] Tìm kiếm sinh viên: {"query":"","facultyFilter":"Khoa Tiếng Anh thương mại"}
[2025-06-04T11:10:06.923Z] Tìm kiếm sinh viên: {"query":"22127151","facultyFilter":""}
[2025-06-04T11:10:08.090Z] Tìm kiếm sinh viên: {"query":"","facultyFilter":"Khoa Công nghệ thông tin"}
[2025-06-04T11:10:09.250Z] Tìm kiếm sinh viên: {"query":"","facultyFilter":"Khoa Luật"}
[2025-06-04T11:10:10.601Z] Tìm kiếm sinh viên: {"query":"","facultyFilter":"Khoa Tiếng Anh thương mại"}
